<?xml version="1.0" encoding="UTF-8"?>
<!-- Generated by org.testng.reporters.JUnitXMLReporter -->
<testsuite ignored="12" hostname="DESKTOP-FAF54ES" failures="0" tests="8" name="Smoke" time="204.495" errors="0" timestamp="2022-07-01T08:23:24 PDT">
  <testcase classname="com.store.testcases.CheckoutPageTest" name="VerifyCheckOutTest" time="35.965"/>
  <testcase classname="com.store.testcases.CheckoutPageTwoTest" name="ValidatePriceTest" time="37.054"/>
  <testcase classname="com.store.testcases.InventoryPageTest" name="ValidateLogo" time="2.86"/>
  <testcase classname="com.store.testcases.InventoryPageTest" name="ValidateManu" time="2.894"/>
  <testcase classname="com.store.testcases.CartPageTest" name="VerifyAddToCartTest" time="35.504"/>
  <testcase classname="com.store.testcases.CheckoutCompleteTest" name="ValidateOrderConfirmationTest" time="37.046"/>
  <testcase classname="com.store.testcases.EndToEndTest" name="endToEndTest" time="6.384"/>
  <testcase classname="com.store.testcases.LoginPageTest" name="loginTest" time="2.747"/>
  <testcase classname="com.store.base.BaseClass" name="@BeforeSuite loadConfig" time="0.0">
    <ignored/>
  </testcase> <!-- @BeforeSuite loadConfig -->
  <testcase classname="com.store.base.BaseClass" name="@BeforeSuite loadConfig" time="0.0">
    <ignored/>
  </testcase> <!-- @BeforeSuite loadConfig -->
  <testcase classname="com.store.base.BaseClass" name="@BeforeSuite loadConfig" time="0.0">
    <ignored/>
  </testcase> <!-- @BeforeSuite loadConfig -->
  <testcase classname="com.store.base.BaseClass" name="@BeforeSuite loadConfig" time="0.0">
    <ignored/>
  </testcase> <!-- @BeforeSuite loadConfig -->
  <testcase classname="com.store.base.BaseClass" name="@BeforeSuite loadConfig" time="0.0">
    <ignored/>
  </testcase> <!-- @BeforeSuite loadConfig -->
  <testcase classname="com.store.base.BaseClass" name="@BeforeSuite loadConfig" time="0.0">
    <ignored/>
  </testcase> <!-- @BeforeSuite loadConfig -->
  <testcase classname="com.store.base.BaseClass" name="@AfterSuite afterSuite" time="0.0">
    <ignored/>
  </testcase> <!-- @AfterSuite afterSuite -->
  <testcase classname="com.store.base.BaseClass" name="@AfterSuite afterSuite" time="0.0">
    <ignored/>
  </testcase> <!-- @AfterSuite afterSuite -->
  <testcase classname="com.store.base.BaseClass" name="@AfterSuite afterSuite" time="0.0">
    <ignored/>
  </testcase> <!-- @AfterSuite afterSuite -->
  <testcase classname="com.store.base.BaseClass" name="@AfterSuite afterSuite" time="0.0">
    <ignored/>
  </testcase> <!-- @AfterSuite afterSuite -->
  <testcase classname="com.store.base.BaseClass" name="@AfterSuite afterSuite" time="0.0">
    <ignored/>
  </testcase> <!-- @AfterSuite afterSuite -->
  <testcase classname="com.store.base.BaseClass" name="@AfterSuite afterSuite" time="0.0">
    <ignored/>
  </testcase> <!-- @AfterSuite afterSuite -->
</testsuite> <!-- Smoke -->
