<?xml version="1.0" encoding="UTF-8"?>
<!-- Generated by org.testng.reporters.JUnitXMLReporter -->
<testsuite ignored="6" hostname="DESKTOP-FAF54ES" failures="0" tests="5" name="Smoke" time="174.573" errors="0" timestamp="2022-06-29T16:06:03 PDT">
  <testcase classname="com.store.testcases.LoginPageTest" name="loginTest" time="3.408"/>
  <testcase classname="com.store.testcases.InventoryPageTest" name="ValidateLogo" time="3.78"/>
  <testcase classname="com.store.testcases.InventoryPageTest" name="ValidateManu" time="2.913"/>
  <testcase classname="com.store.testcases.CartPageTest" name="VerifyAddToCartTest" time="35.598"/>
  <testcase classname="com.store.testcases.CheckoutPageTest" name="VerifyCheckOutTest" time="35.712"/>
  <testcase classname="com.store.base.BaseClass" name="@BeforeSuite loadConfig" time="0.0">
    <ignored/>
  </testcase> <!-- @BeforeSuite loadConfig -->
  <testcase classname="com.store.base.BaseClass" name="@BeforeSuite loadConfig" time="0.0">
    <ignored/>
  </testcase> <!-- @BeforeSuite loadConfig -->
  <testcase classname="com.store.base.BaseClass" name="@BeforeSuite loadConfig" time="0.0">
    <ignored/>
  </testcase> <!-- @BeforeSuite loadConfig -->
  <testcase classname="com.store.base.BaseClass" name="@AfterSuite afterSuite" time="0.0">
    <ignored/>
  </testcase> <!-- @AfterSuite afterSuite -->
  <testcase classname="com.store.base.BaseClass" name="@AfterSuite afterSuite" time="0.0">
    <ignored/>
  </testcase> <!-- @AfterSuite afterSuite -->
  <testcase classname="com.store.base.BaseClass" name="@AfterSuite afterSuite" time="0.0">
    <ignored/>
  </testcase> <!-- @AfterSuite afterSuite -->
</testsuite> <!-- Smoke -->
