<?xml version="1.0" encoding="UTF-8"?>
<testng-results ignored="6" total="11" passed="5" failed="0" skipped="0">
  <reporter-output>
  </reporter-output>
  <suite started-at="2022-06-29T16:03:08 PDT" name="Suite" finished-at="2022-06-29T16:06:03 PDT" duration-ms="174573">
    <groups>
      <group name="Regression">
        <method signature="CartPageTest.VerifyAddToCartTest(java.lang.String, java.lang.String)[pri:0, instance:com.store.testcases.CartPageTest@2892dae4]" name="VerifyAddToCartTest" class="com.store.testcases.CartPageTest"/>
        <method signature="CheckoutPageTest.VerifyCheckOutTest(java.lang.String, java.lang.String)[pri:0, instance:com.store.testcases.CheckoutPageTest@355ce81c]" name="VerifyCheckOutTest" class="com.store.testcases.CheckoutPageTest"/>
        <method signature="InventoryPageTest.ValidateLogo(java.lang.String, java.lang.String)[pri:0, instance:com.store.testcases.InventoryPageTest@13b13b5d]" name="ValidateLogo" class="com.store.testcases.InventoryPageTest"/>
        <method signature="InventoryPageTest.ValidateManu(java.lang.String, java.lang.String)[pri:0, instance:com.store.testcases.InventoryPageTest@13b13b5d]" name="ValidateManu" class="com.store.testcases.InventoryPageTest"/>
        <method signature="LoginPageTest.loginTest(java.lang.String, java.lang.String)[pri:0, instance:com.store.testcases.LoginPageTest@40cb8df7]" name="loginTest" class="com.store.testcases.LoginPageTest"/>
      </group> <!-- Regression -->
      <group name="Smoke">
        <method signature="CartPageTest.VerifyAddToCartTest(java.lang.String, java.lang.String)[pri:0, instance:com.store.testcases.CartPageTest@2892dae4]" name="VerifyAddToCartTest" class="com.store.testcases.CartPageTest"/>
        <method signature="CheckoutPageTest.VerifyCheckOutTest(java.lang.String, java.lang.String)[pri:0, instance:com.store.testcases.CheckoutPageTest@355ce81c]" name="VerifyCheckOutTest" class="com.store.testcases.CheckoutPageTest"/>
        <method signature="InventoryPageTest.ValidateLogo(java.lang.String, java.lang.String)[pri:0, instance:com.store.testcases.InventoryPageTest@13b13b5d]" name="ValidateLogo" class="com.store.testcases.InventoryPageTest"/>
        <method signature="InventoryPageTest.ValidateManu(java.lang.String, java.lang.String)[pri:0, instance:com.store.testcases.InventoryPageTest@13b13b5d]" name="ValidateManu" class="com.store.testcases.InventoryPageTest"/>
        <method signature="LoginPageTest.loginTest(java.lang.String, java.lang.String)[pri:0, instance:com.store.testcases.LoginPageTest@40cb8df7]" name="loginTest" class="com.store.testcases.LoginPageTest"/>
      </group> <!-- Smoke -->
    </groups>
    <test started-at="2022-06-29T16:03:08 PDT" name="Smoke" finished-at="2022-06-29T16:06:03 PDT" duration-ms="174573">
      <class name="com.store.testcases.LoginPageTest">
        <test-method is-config="true" signature="loadConfig()[pri:0, instance:com.store.testcases.LoginPageTest@40cb8df7]" started-at="2022-06-29T16:03:08 PDT" name="loadConfig" finished-at="2022-06-29T16:03:08 PDT" duration-ms="687" status="PASS">
          <reporter-output>
          </reporter-output>
        </test-method> <!-- loadConfig -->
        <test-method is-config="true" signature="setup(java.lang.String)[pri:0, instance:com.store.testcases.LoginPageTest@40cb8df7]" started-at="2022-06-29T16:03:10 PDT" name="setup" finished-at="2022-06-29T16:03:21 PDT" duration-ms="10957" status="PASS">
          <params>
            <param index="0">
              <value>
                <![CDATA[Chrome]]>
              </value>
            </param>
          </params>
          <reporter-output>
          </reporter-output>
        </test-method> <!-- setup -->
        <test-method signature="loginTest(java.lang.String, java.lang.String)[pri:0, instance:com.store.testcases.LoginPageTest@40cb8df7]" started-at="2022-06-29T16:03:21 PDT" name="loginTest" data-provider="credentials" finished-at="2022-06-29T16:03:25 PDT" duration-ms="3408" status="PASS">
          <params>
            <param index="0">
              <value>
                <![CDATA[standard_user]]>
              </value>
            </param>
            <param index="1">
              <value>
                <![CDATA[secret_sauce]]>
              </value>
            </param>
          </params>
          <reporter-output>
          </reporter-output>
        </test-method> <!-- loginTest -->
        <test-method is-config="true" signature="tearDown()[pri:0, instance:com.store.testcases.LoginPageTest@40cb8df7]" started-at="2022-06-29T16:03:25 PDT" name="tearDown" finished-at="2022-06-29T16:03:26 PDT" duration-ms="969" status="PASS">
          <reporter-output>
          </reporter-output>
        </test-method> <!-- tearDown -->
        <test-method is-config="true" signature="afterSuite()[pri:0, instance:com.store.testcases.LoginPageTest@40cb8df7]" started-at="2022-06-29T16:06:03 PDT" name="afterSuite" finished-at="2022-06-29T16:06:04 PDT" duration-ms="1276" status="PASS">
          <reporter-output>
          </reporter-output>
        </test-method> <!-- afterSuite -->
      </class> <!-- com.store.testcases.LoginPageTest -->
      <class name="com.store.testcases.InventoryPageTest">
        <test-method is-config="true" signature="setup(java.lang.String)[pri:0, instance:com.store.testcases.InventoryPageTest@13b13b5d]" started-at="2022-06-29T16:03:26 PDT" name="setup" finished-at="2022-06-29T16:03:43 PDT" duration-ms="17198" status="PASS">
          <params>
            <param index="0">
              <value>
                <![CDATA[Chrome]]>
              </value>
            </param>
          </params>
          <reporter-output>
          </reporter-output>
        </test-method> <!-- setup -->
        <test-method signature="ValidateLogo(java.lang.String, java.lang.String)[pri:0, instance:com.store.testcases.InventoryPageTest@13b13b5d]" started-at="2022-06-29T16:03:43 PDT" name="ValidateLogo" data-provider="credentials" finished-at="2022-06-29T16:03:47 PDT" duration-ms="3780" status="PASS">
          <params>
            <param index="0">
              <value>
                <![CDATA[standard_user]]>
              </value>
            </param>
            <param index="1">
              <value>
                <![CDATA[secret_sauce]]>
              </value>
            </param>
          </params>
          <reporter-output>
          </reporter-output>
        </test-method> <!-- ValidateLogo -->
        <test-method is-config="true" signature="tearDown()[pri:0, instance:com.store.testcases.InventoryPageTest@13b13b5d]" started-at="2022-06-29T16:03:47 PDT" name="tearDown" finished-at="2022-06-29T16:03:48 PDT" duration-ms="1075" status="PASS">
          <reporter-output>
          </reporter-output>
        </test-method> <!-- tearDown -->
        <test-method is-config="true" signature="setup(java.lang.String)[pri:0, instance:com.store.testcases.InventoryPageTest@13b13b5d]" started-at="2022-06-29T16:03:48 PDT" name="setup" finished-at="2022-06-29T16:04:01 PDT" duration-ms="12454" status="PASS">
          <params>
            <param index="0">
              <value>
                <![CDATA[Chrome]]>
              </value>
            </param>
          </params>
          <reporter-output>
          </reporter-output>
        </test-method> <!-- setup -->
        <test-method signature="ValidateManu(java.lang.String, java.lang.String)[pri:0, instance:com.store.testcases.InventoryPageTest@13b13b5d]" started-at="2022-06-29T16:04:01 PDT" name="ValidateManu" data-provider="credentials" finished-at="2022-06-29T16:04:04 PDT" duration-ms="2913" status="PASS">
          <params>
            <param index="0">
              <value>
                <![CDATA[standard_user]]>
              </value>
            </param>
            <param index="1">
              <value>
                <![CDATA[secret_sauce]]>
              </value>
            </param>
          </params>
          <reporter-output>
          </reporter-output>
        </test-method> <!-- ValidateManu -->
        <test-method is-config="true" signature="tearDown()[pri:0, instance:com.store.testcases.InventoryPageTest@13b13b5d]" started-at="2022-06-29T16:04:04 PDT" name="tearDown" finished-at="2022-06-29T16:04:05 PDT" duration-ms="1041" status="PASS">
          <reporter-output>
          </reporter-output>
        </test-method> <!-- tearDown -->
      </class> <!-- com.store.testcases.InventoryPageTest -->
      <class name="com.store.testcases.CartPageTest">
        <test-method is-config="true" signature="setup(java.lang.String)[pri:0, instance:com.store.testcases.CartPageTest@2892dae4]" started-at="2022-06-29T16:04:05 PDT" name="setup" finished-at="2022-06-29T16:04:33 PDT" duration-ms="27945" status="PASS">
          <params>
            <param index="0">
              <value>
                <![CDATA[Chrome]]>
              </value>
            </param>
          </params>
          <reporter-output>
          </reporter-output>
        </test-method> <!-- setup -->
        <test-method signature="VerifyAddToCartTest(java.lang.String, java.lang.String)[pri:0, instance:com.store.testcases.CartPageTest@2892dae4]" started-at="2022-06-29T16:04:33 PDT" name="VerifyAddToCartTest" data-provider="credentials" finished-at="2022-06-29T16:05:08 PDT" duration-ms="35598" status="PASS">
          <params>
            <param index="0">
              <value>
                <![CDATA[standard_user]]>
              </value>
            </param>
            <param index="1">
              <value>
                <![CDATA[secret_sauce]]>
              </value>
            </param>
          </params>
          <reporter-output>
          </reporter-output>
        </test-method> <!-- VerifyAddToCartTest -->
        <test-method is-config="true" signature="tearDown()[pri:0, instance:com.store.testcases.CartPageTest@2892dae4]" started-at="2022-06-29T16:05:08 PDT" name="tearDown" finished-at="2022-06-29T16:05:09 PDT" duration-ms="1082" status="PASS">
          <reporter-output>
          </reporter-output>
        </test-method> <!-- tearDown -->
      </class> <!-- com.store.testcases.CartPageTest -->
      <class name="com.store.testcases.CheckoutPageTest">
        <test-method is-config="true" signature="setup(java.lang.String)[pri:0, instance:com.store.testcases.CheckoutPageTest@355ce81c]" started-at="2022-06-29T16:05:10 PDT" name="setup" finished-at="2022-06-29T16:05:26 PDT" duration-ms="16569" status="PASS">
          <params>
            <param index="0">
              <value>
                <![CDATA[Chrome]]>
              </value>
            </param>
          </params>
          <reporter-output>
          </reporter-output>
        </test-method> <!-- setup -->
        <test-method signature="VerifyCheckOutTest(java.lang.String, java.lang.String)[pri:0, instance:com.store.testcases.CheckoutPageTest@355ce81c]" started-at="2022-06-29T16:05:26 PDT" name="VerifyCheckOutTest" data-provider="credentials" finished-at="2022-06-29T16:06:02 PDT" duration-ms="35712" status="PASS">
          <params>
            <param index="0">
              <value>
                <![CDATA[standard_user]]>
              </value>
            </param>
            <param index="1">
              <value>
                <![CDATA[secret_sauce]]>
              </value>
            </param>
          </params>
          <reporter-output>
          </reporter-output>
        </test-method> <!-- VerifyCheckOutTest -->
        <test-method is-config="true" signature="tearDown()[pri:0, instance:com.store.testcases.CheckoutPageTest@355ce81c]" started-at="2022-06-29T16:06:02 PDT" name="tearDown" finished-at="2022-06-29T16:06:03 PDT" duration-ms="909" status="PASS">
          <reporter-output>
          </reporter-output>
        </test-method> <!-- tearDown -->
      </class> <!-- com.store.testcases.CheckoutPageTest -->
    </test> <!-- Smoke -->
  </suite> <!-- Suite -->
</testng-results>
